<?xml version="1.0" encoding="UTF-8"?>
<robot generator="Robot 4.1.2 (Python 3.8.10 on win32)" generated="20211213 17:37:28.579" rpa="false" schemaversion="2">
<suite id="s1" name="Tests" source="C:\Users\chadi_do5r8pf\Desktop\Exercise-SeleniumIDE\tests">
<suite id="s1-s1" name="Login" source="C:\Users\chadi_do5r8pf\Desktop\Exercise-SeleniumIDE\tests\login.robot">
<test id="s1-s1-t1" name="Valid login">
<kw name="Open Browser" library="SeleniumLibrary">
<arg>https://www.saucedemo.com</arg>
<arg>chrome</arg>
<doc>Opens a new browser instance to the optional ``url``.</doc>
<msg timestamp="20211213 17:37:29.114" level="INFO">Opening browser 'chrome' to base url 'https://www.saucedemo.com'.</msg>
<status status="PASS" starttime="20211213 17:37:29.113" endtime="20211213 17:37:31.952"/>
</kw>
<status status="PASS" starttime="20211213 17:37:29.110" endtime="20211213 17:37:31.955"/>
</test>
<doc>A test suite with tests containing login validation

This test follows the example using keywords from
the SeleniumLibrary</doc>
<status status="PASS" starttime="20211213 17:37:28.644" endtime="20211213 17:37:31.970"/>
</suite>
<status status="PASS" starttime="20211213 17:37:28.582" endtime="20211213 17:37:31.982"/>
</suite>
<statistics>
<total>
<stat pass="1" fail="0" skip="0">All Tests</stat>
</total>
<tag>
</tag>
<suite>
<stat pass="1" fail="0" skip="0" id="s1" name="Tests">Tests</stat>
<stat pass="1" fail="0" skip="0" id="s1-s1" name="Login">Tests.Login</stat>
</suite>
</statistics>
<errors>
</errors>
</robot>
